app/build/intermediates/manifest_merge_blame_file/developRelease/manifest-merger-blame-develop-release-report.txt
1<?xml version="1.0" encoding="utf-8"?>
2<manifest xmlns:android="http://schemas.android.com/apk/res/android"
3    package="com.dev.movieslist"
4    android:versionCode="1"
5    android:versionName="1.0" >
6
7    <uses-sdk
8        android:minSdkVersion="21"
8-->src/main/AndroidManifest.xml
9        android:targetSdkVersion="29" />
9-->src/main/AndroidManifest.xml
10
11    <application
11-->src/main/AndroidManifest.xml:4:5-10:43
12        android:allowBackup="true"
12-->src/main/AndroidManifest.xml:5:9-35
13        android:appComponentFactory="androidx.core.app.CoreComponentFactory"
13-->[androidx.core:core:1.0.2] AndroidManifest.xml:22:18-86
14        android:icon="@mipmap/ic_launcher"
14-->src/main/AndroidManifest.xml:6:9-43
15        android:label="@string/app_name"
15-->src/main/AndroidManifest.xml:7:9-41
16        android:roundIcon="@mipmap/ic_launcher_round"
16-->src/main/AndroidManifest.xml:8:9-54
17        android:supportsRtl="true"
17-->src/main/AndroidManifest.xml:9:9-35
18        android:theme="@style/AppTheme" >
18-->src/main/AndroidManifest.xml:10:9-40
19        <provider
19-->[com.squareup.picasso:picasso:2.71828] AndroidManifest.xml:8:9-11:40
20            android:name="com.squareup.picasso.PicassoProvider"
20-->[com.squareup.picasso:picasso:2.71828] AndroidManifest.xml:9:13-64
21            android:authorities="com.dev.movieslist.com.squareup.picasso"
21-->[com.squareup.picasso:picasso:2.71828] AndroidManifest.xml:10:13-72
22            android:exported="false" />
22-->[com.squareup.picasso:picasso:2.71828] AndroidManifest.xml:11:13-37
23    </application>
24
25</manifest>